This is pdfTeX, Version 3.14159265-2.6-1.40.18 (MiKTeX 2.9.6350 64-bit) (preloaded format=pdflatex 2019.10.15)  24 OCT 2019 11:25
entering extended mode
**./main.tex
(main.tex
LaTeX2e <2017-04-15>
Babel <3.10> and hyphenation patterns for 75 language(s) loaded.
(ociamthesis.cls
Document Class: ociamthesis 2010/11/22 v2.2 OCIAM thesis class
("C:\Users\lenovo\AppData\Local\Programs\MiKTeX 2.9\tex\latex\base\report.cls"
Document Class: report 2014/09/29 v1.4h Standard LaTeX document class
("C:\Users\lenovo\AppData\Local\Programs\MiKTeX 2.9\tex\latex\base\size12.clo"
File: size12.clo 2014/09/29 v1.4h Standard LaTeX file (size option)
)
\c@part=\count79
\c@chapter=\count80
\c@section=\count81
\c@subsection=\count82
\c@subsubsection=\count83
\c@paragraph=\count84
\c@subparagraph=\count85
\c@figure=\count86
\c@table=\count87
\abovecaptionskip=\skip41
\belowcaptionskip=\skip42
\bibindent=\dimen102
)
("C:\Users\lenovo\AppData\Local\Programs\MiKTeX 2.9\tex\latex\graphics\graphicx
.sty"
Package: graphicx 2014/10/28 v1.0g Enhanced LaTeX Graphics (DPC,SPQR)

("C:\Users\lenovo\AppData\Local\Programs\MiKTeX 2.9\tex\latex\graphics\keyval.s
ty"
Package: keyval 2014/10/28 v1.15 key=value parser (DPC)
\KV@toks@=\toks14
)
("C:\Users\lenovo\AppData\Local\Programs\MiKTeX 2.9\tex\latex\graphics\graphics
.sty"
Package: graphics 2017/04/14 v1.1b Standard LaTeX Graphics (DPC,SPQR)

("C:\Users\lenovo\AppData\Local\Programs\MiKTeX 2.9\tex\latex\graphics\trig.sty
"
Package: trig 2016/01/03 v1.10 sin cos tan (DPC)
)
("C:\Users\lenovo\AppData\Local\Programs\MiKTeX 2.9\tex\latex\graphics-cfg\grap
hics.cfg"
File: graphics.cfg 2016/06/04 v1.11 sample graphics configuration
)
Package graphics Info: Driver file: pdftex.def on input line 99.

("C:\Users\lenovo\AppData\Local\Programs\MiKTeX 2.9\tex\latex\graphics-def\pdft
ex.def"
File: pdftex.def 2017/01/12 v0.06k Graphics/color for pdfTeX

("C:\Users\lenovo\AppData\Local\Programs\MiKTeX 2.9\tex\generic\oberdiek\infwar
err.sty"
Package: infwarerr 2016/05/16 v1.4 Providing info/warning/error messages (HO)
)
("C:\Users\lenovo\AppData\Local\Programs\MiKTeX 2.9\tex\generic\oberdiek\ltxcmd
s.sty"
Package: ltxcmds 2016/05/16 v1.23 LaTeX kernel commands for general use (HO)
)
\Gread@gobject=\count88
))
\Gin@req@height=\dimen103
\Gin@req@width=\dimen104
)
("C:\Users\lenovo\AppData\Local\Programs\MiKTeX 2.9\tex\latex\base\ifthen.sty"
Package: ifthen 2014/09/29 v1.1c Standard LaTeX ifthen package (DPC)
))
("C:\Users\lenovo\AppData\Local\Programs\MiKTeX 2.9\tex\latex\amsfonts\amssymb.
sty"
Package: amssymb 2013/01/14 v3.01 AMS font symbols

("C:\Users\lenovo\AppData\Local\Programs\MiKTeX 2.9\tex\latex\amsfonts\amsfonts
.sty"
Package: amsfonts 2013/01/14 v3.01 Basic AMSFonts support
\@emptytoks=\toks15
\symAMSa=\mathgroup4
\symAMSb=\mathgroup5
LaTeX Font Info:    Overwriting math alphabet `\mathfrak' in version `bold'
(Font)                  U/euf/m/n --> U/euf/b/n on input line 106.
))
("C:\Users\lenovo\AppData\Local\Programs\MiKTeX 2.9\tex\latex\listings\listings
.sty"
\lst@mode=\count89
\lst@gtempboxa=\box26
\lst@token=\toks16
\lst@length=\count90
\lst@currlwidth=\dimen105
\lst@column=\count91
\lst@pos=\count92
\lst@lostspace=\dimen106
\lst@width=\dimen107
\lst@newlines=\count93
\lst@lineno=\count94
\lst@maxwidth=\dimen108

("C:\Users\lenovo\AppData\Local\Programs\MiKTeX 2.9\tex\latex\listings\lstmisc.
sty"
File: lstmisc.sty 2019/09/10 1.8c (Carsten Heinz)
\c@lstnumber=\count95
\lst@skipnumbers=\count96
\lst@framebox=\box27
)
("C:\Users\lenovo\AppData\Local\Programs\MiKTeX 2.9\tex\latex\listings\listings
.cfg"
File: listings.cfg 2019/09/10 1.8c listings configuration
))
Package: listings 2019/09/10 1.8c (Carsten Heinz)

("C:\Users\lenovo\AppData\Local\Programs\MiKTeX 2.9\tex\latex\graphics\color.st
y"
Package: color 2016/07/10 v1.1e Standard LaTeX Color (DPC)

("C:\Users\lenovo\AppData\Local\Programs\MiKTeX 2.9\tex\latex\graphics-cfg\colo
r.cfg"
File: color.cfg 2016/01/02 v1.6 sample color configuration
)
Package color Info: Driver file: pdftex.def on input line 147.
)
("C:\Users\lenovo\AppData\Local\Programs\MiKTeX 2.9\tex\latex\listings\lstlang1
.sty"
File: lstlang1.sty 2019/09/10 1.8c listings language file
) ("D:\Kuliah\Pemograman 2\Aditya_Rahman(1184021)\build\main.aux"
("D:\Kuliah\Pemograman 2\Aditya_Rahman(1184021)\build\section/dedication.aux")
("D:\Kuliah\Pemograman 2\Aditya_Rahman(1184021)\build\section/acknowlegements.a
ux") ("D:\Kuliah\Pemograman 2\Aditya_Rahman(1184021)\build\section/abstract.aux
") ("D:\Kuliah\Pemograman 2\Aditya_Rahman(1184021)\build\section/chapter1.aux")
("D:\Kuliah\Pemograman 2\Aditya_Rahman(1184021)\build\section/chapter2.aux"))
\openout1 = `main.aux'.

LaTeX Font Info:    Checking defaults for OML/cmm/m/it on input line 54.
LaTeX Font Info:    ... okay on input line 54.
LaTeX Font Info:    Checking defaults for T1/cmr/m/n on input line 54.
LaTeX Font Info:    ... okay on input line 54.
LaTeX Font Info:    Checking defaults for OT1/cmr/m/n on input line 54.
LaTeX Font Info:    ... okay on input line 54.
LaTeX Font Info:    Checking defaults for OMS/cmsy/m/n on input line 54.
LaTeX Font Info:    ... okay on input line 54.
LaTeX Font Info:    Checking defaults for OMX/cmex/m/n on input line 54.
LaTeX Font Info:    ... okay on input line 54.
LaTeX Font Info:    Checking defaults for U/cmr/m/n on input line 54.
LaTeX Font Info:    ... okay on input line 54.

("C:\Users\lenovo\AppData\Local\Programs\MiKTeX 2.9\tex\context\base\mkii\supp-
pdf.mkii"
[Loading MPS to PDF converter (version 2006.09.02).]
\scratchcounter=\count97
\scratchdimen=\dimen109
\scratchbox=\box28
\nofMPsegments=\count98
\nofMParguments=\count99
\everyMPshowfont=\toks17
\MPscratchCnt=\count100
\MPscratchDim=\dimen110
\MPnumerator=\count101
\makeMPintoPDFobject=\count102
\everyMPtoPDFconversion=\toks18
)
("C:\Users\lenovo\AppData\Local\Programs\MiKTeX 2.9\tex\generic\oberdiek\pdftex
cmds.sty"
Package: pdftexcmds 2017/03/19 v0.25 Utility functions of pdfTeX for LuaTeX (HO
)

("C:\Users\lenovo\AppData\Local\Programs\MiKTeX 2.9\tex\generic\oberdiek\ifluat
ex.sty"
Package: ifluatex 2016/05/16 v1.4 Provides the ifluatex switch (HO)
Package ifluatex Info: LuaTeX not detected.
)
("C:\Users\lenovo\AppData\Local\Programs\MiKTeX 2.9\tex\generic\oberdiek\ifpdf.
sty"
Package: ifpdf 2017/03/15 v3.2 Provides the ifpdf switch
)
Package pdftexcmds Info: LuaTeX not detected.
Package pdftexcmds Info: \pdf@primitive is available.
Package pdftexcmds Info: \pdf@ifprimitive is available.
Package pdftexcmds Info: \pdfdraftmode found.
)
("C:\Users\lenovo\AppData\Local\Programs\MiKTeX 2.9\tex\latex\oberdiek\epstopdf
-base.sty"
Package: epstopdf-base 2016/05/15 v2.6 Base part for package epstopdf

("C:\Users\lenovo\AppData\Local\Programs\MiKTeX 2.9\tex\latex\oberdiek\grfext.s
ty"
Package: grfext 2016/05/16 v1.2 Manage graphics extensions (HO)

("C:\Users\lenovo\AppData\Local\Programs\MiKTeX 2.9\tex\generic\oberdiek\kvdefi
nekeys.sty"
Package: kvdefinekeys 2016/05/16 v1.4 Define keys (HO)
))
("C:\Users\lenovo\AppData\Local\Programs\MiKTeX 2.9\tex\latex\oberdiek\kvoption
s.sty"
Package: kvoptions 2016/05/16 v3.12 Key value format for package options (HO)

("C:\Users\lenovo\AppData\Local\Programs\MiKTeX 2.9\tex\generic\oberdiek\kvsetk
eys.sty"
Package: kvsetkeys 2016/05/16 v1.17 Key value parser (HO)

("C:\Users\lenovo\AppData\Local\Programs\MiKTeX 2.9\tex\generic\oberdiek\etexcm
ds.sty"
Package: etexcmds 2016/05/16 v1.6 Avoid name clashes with e-TeX commands (HO)
Package etexcmds Info: Could not find \expanded.
(etexcmds)             That can mean that you are not using pdfTeX 1.50 or
(etexcmds)             that some package has redefined \expanded.
(etexcmds)             In the latter case, load this package earlier.
)))
Package epstopdf-base Info: Redefining graphics rule for `.eps' on input line 4
38.
Package grfext Info: Graphics extension search list:
(grfext)             [.png,.pdf,.jpg,.mps,.jpeg,.jbig2,.jb2,.PNG,.PDF,.JPG,.JPE
G,.JBIG2,.JB2,.eps]
(grfext)             \AppendGraphicsExtensions on input line 456.
)
\c@lstlisting=\count103
 <logo-poltekpos.png, id=1, 291.2481pt x 272.217pt>
File: logo-poltekpos.png Graphic file (type png)

<use logo-poltekpos.png>
Package pdftex.def Info: logo-poltekpos.png used on input line 65.
(pdftex.def)             Requested size: 91.04881pt x 85.10081pt.
 [1


{C:/Users/lenovo/AppData/Local/MiKTeX/2.9/pdftex/config/pdftex.map} <./logo-pol
tekpos.png>]
\openout2 = `section/dedication.aux'.


No file section/dedication.tex.
\openout2 = `section/acknowlegements.aux'.

(section/acknowlegements.tex [2




])
\openout2 = `section/abstract.aux'.

 (section/abstract.tex [3



])
("D:\Kuliah\Pemograman 2\Aditya_Rahman(1184021)\build\main.toc"
LaTeX Font Info:    Try loading font information for U+msa on input line 2.

("C:\Users\lenovo\AppData\Local\Programs\MiKTeX 2.9\tex\latex\amsfonts\umsa.fd"
File: umsa.fd 2013/01/14 v3.01 AMS symbols A
)
LaTeX Font Info:    Try loading font information for U+msb on input line 2.
 ("C:\Users\lenovo\AppData\Local\Programs\MiKTeX 2.9\tex\latex\amsfonts\umsb.fd
"
File: umsb.fd 2013/01/14 v3.01 AMS symbols B
))
\tf@toc=\write3
\openout3 = `main.toc'.

 [1



] ("D:\Kuliah\Pemograman 2\Aditya_Rahman(1184021)\build\main.lof")
\tf@lof=\write4
\openout4 = `main.lof'.


[2

]
\openout2 = `section/chapter1.aux'.

 (section/chapter1.tex
Chapter 1.

Overfull \hbox (5.856pt too wide) in paragraph at lines 3--4
\OT1/cmr/m/n/12 Python adalah ba-hasa pem-ro-gra-man in-ter-pre-tatif mul-ti-gu
na, python lebih menekankan
 []


Overfull \hbox (4.38518pt too wide) in paragraph at lines 18--20
\OT1/cmr/m/n/12 Menggunakan frame-work python "Tor-nado" yang di-gu-nakan un-tu
k menampilkan
 []

[1



]
Missing character: There is no ‚ in font cmr12!
Missing character: There is no Ä in font cmr12!
Missing character: There is no ì in font cmr12!
 <section/1.png, id=27, 361.35pt x 285.31593pt>
File: section/1.png Graphic file (type png)
 <use section/1.png>
Package pdftex.def Info: section/1.png used on input line 42.
(pdftex.def)             Requested size: 180.67456pt x 142.65761pt.

<section/2.png, id=28, 313.9228pt x 255.95625pt>
File: section/2.png Graphic file (type png)
 <use section/2.png>
Package pdftex.def Info: section/2.png used on input line 48.
(pdftex.def)             Requested size: 156.96101pt x 127.9778pt.

<section/3.png, id=29, 304.13625pt x 246.9225pt>
File: section/3.png Graphic file (type png)
 <use section/3.png>
Package pdftex.def Info: section/3.png used on input line 54.
(pdftex.def)             Requested size: 152.06775pt x 123.46094pt.

<section/4.png, id=30, 300.3722pt x 242.40562pt>
File: section/4.png Graphic file (type png)
 <use section/4.png>
Package pdftex.def Info: section/4.png used on input line 60.
(pdftex.def)             Requested size: 150.18571pt x 121.2025pt.

<section/5.png, id=31, 287.57437pt x 245.41687pt>
File: section/5.png Graphic file (type png)
 <use section/5.png>
Package pdftex.def Info: section/5.png used on input line 66.
(pdftex.def)             Requested size: 143.78683pt x 122.70813pt.

<section/6.png, id=32, 294.34969pt x 246.1697pt>
File: section/6.png Graphic file (type png)
 <use section/6.png>
Package pdftex.def Info: section/6.png used on input line 72.
(pdftex.def)             Requested size: 147.17447pt x 123.08453pt.

<section/7.png, id=33, 286.82156pt x 235.63031pt>
File: section/7.png Graphic file (type png)
 <use section/7.png>
Package pdftex.def Info: section/7.png used on input line 78.
(pdftex.def)             Requested size: 143.41042pt x 117.81487pt.

<section/8.png, id=34, 289.08pt x 235.63031pt>
File: section/8.png Graphic file (type png)
 <use section/8.png>
Package pdftex.def Info: section/8.png used on input line 84.
(pdftex.def)             Requested size: 144.53964pt x 117.81487pt.

<section/9.png, id=35, 368.1253pt x 199.49532pt>
File: section/9.png Graphic file (type png)
 <use section/9.png>
Package pdftex.def Info: section/9.png used on input line 90.
(pdftex.def)             Requested size: 184.0622pt x 99.7474pt.

<section/pip1.png, id=36, 374.90062pt x 213.04594pt>
File: section/pip1.png Graphic file (type png)
 <use section/pip1.png>
Package pdftex.def Info: section/pip1.png used on input line 99.
(pdftex.def)             Requested size: 187.44984pt x 106.5227pt.

[2] [3 <./section/1.png> <./section/2.png> <./section/3.png>] [4 <./section/4.p
ng> <./section/5.png> <./section/6.png> <./section/7.png>]
<section/pip2.png, id=54, 382.42876pt x 210.03468pt>
File: section/pip2.png Graphic file (type png)
 <use section/pip2.png>
Package pdftex.def Info: section/pip2.png used on input line 105.
(pdftex.def)             Requested size: 191.2139pt x 105.01707pt.

<section/envirotment1.png, id=55, 293.59688pt x 514.92375pt>
File: section/envirotment1.png Graphic file (type png)

<use section/envirotment1.png>
Package pdftex.def Info: section/envirotment1.png used on input line 114.
(pdftex.def)             Requested size: 146.79807pt x 257.46124pt.

<section/envirotment2.png, id=56, 355.3275pt x 403.5075pt>
File: section/envirotment2.png Graphic file (type png)

<use section/envirotment2.png>
Package pdftex.def Info: section/envirotment2.png used on input line 120.
(pdftex.def)             Requested size: 177.6633pt x 201.75325pt.

<section/envirotment3.png, id=57, 340.27126pt x 419.31656pt>
File: section/envirotment3.png Graphic file (type png)

<use section/envirotment3.png>
Package pdftex.def Info: section/envirotment3.png used on input line 126.
(pdftex.def)             Requested size: 170.13521pt x 209.65776pt.

<section/13.png, id=58, 371.88937pt x 203.25937pt>
File: section/13.png Graphic file (type png)
 <use section/13.png>
Package pdftex.def Info: section/13.png used on input line 134.
(pdftex.def)             Requested size: 185.94423pt x 101.62943pt.

[5 <./section/8.png> <./section/9.png> <./section/pip1.png>] [6 <./section/pip2
.png> <./section/envirotment1.png>] [7 <./section/envirotment2.png> <./section/
envirotment3.png>] <section/14.png, id=75, 370.38374pt x 205.5178pt>
File: section/14.png Graphic file (type png)

<use section/14.png>
Package pdftex.def Info: section/14.png used on input line 140.
(pdftex.def)             Requested size: 185.1914pt x 102.75865pt.
 <section/10.png, id=76, 361.35pt x 201.00093pt>
File: section/10.png Graphic file (type png)

<use section/10.png>
Package pdftex.def Info: section/10.png used on input line 150.
(pdftex.def)             Requested size: 180.67456pt x 100.50021pt.
 [8 <./section/13.png> <./section/14.png> <./section/10.png>] <section/11.png, 
id=84, 353.82187pt x 209.28188pt>
File: section/11.png Graphic file (type png)
 <use section/11.png>
Package pdftex.def Info: section/11.png used on input line 159.
(pdftex.def)             Requested size: 176.91049pt x 104.64067pt.

<section/12.png, id=85, 509.65407pt x 181.42781pt>
File: section/12.png Graphic file (type png)
 <use section/12.png>
Package pdftex.def Info: section/12.png used on input line 165.
(pdftex.def)             Requested size: 254.8264pt x 90.71368pt.

<section/selenium.png, id=86, 563.85657pt x 283.0575pt>
File: section/selenium.png Graphic file (type png)

<use section/selenium.png>
Package pdftex.def Info: section/selenium.png used on input line 175.
(pdftex.def)             Requested size: 281.9276pt x 141.5284pt.

<section/proses_selenium.png, id=87, 539.76656pt x 289.08pt>
File: section/proses_selenium.png Graphic file (type png)

<use section/proses_selenium.png>
Package pdftex.def Info: section/proses_selenium.png used on input line 181.
(pdftex.def)             Requested size: 269.88261pt x 144.53964pt.

<section/login_otomatis.png, id=88, 408.77719pt x 186.6975pt>
File: section/login_otomatis.png Graphic file (type png)

<use section/login_otomatis.png>
Package pdftex.def Info: section/login_otomatis.png used on input line 187.
(pdftex.def)             Requested size: 204.38809pt x 93.34851pt.

<section/hasil.png, id=89, 1203.7472pt x 636.12656pt>
File: section/hasil.png Graphic file (type png)
 <use section/hasil.png>
Package pdftex.def Info: section/hasil.png used on input line 193.
(pdftex.def)             Requested size: 361.12694pt x 190.83943pt.

[9 <./section/11.png> <./section/12.png> <./section/selenium.png>] [10 <./secti
on/proses_selenium.png> <./section/login_otomatis.png> <./section/hasil.png>]
<section/variabel_explorer.png, id=102, 565.36218pt x 297.36093pt>
File: section/variabel_explorer.png Graphic file (type png)

<use section/variabel_explorer.png>
Package pdftex.def Info: section/variabel_explorer.png used on input line 202.
(pdftex.def)             Requested size: 169.60995pt x 89.20895pt.
Missing character: There is no ‚ in font cmr12!
Missing character: There is no Ä in font cmr12!
Missing character: There is no ù in font cmr12!
Missing character: There is no ‚ in font cmr12!
Missing character: There is no Ä in font cmr12!
Missing character: There is no ù in font cmr12!

<section/salah.png, id=103, 445.665pt x 386.19281pt>
File: section/salah.png Graphic file (type png)
 <use section/salah.png>
Package pdftex.def Info: section/salah.png used on input line 216.
(pdftex.def)             Requested size: 222.83195pt x 193.09592pt.

<section/benar.png, id=104, 197.98969pt x 151.3153pt>
File: section/benar.png Graphic file (type png)
 <use section/benar.png>
Package pdftex.def Info: section/benar.png used on input line 222.
(pdftex.def)             Requested size: 296.9838pt x 226.97238pt.
)
[11 <./section/variabel_explorer.png> <./section/salah.png>] [12 <./section/ben
ar.png>]
\openout2 = `section/chapter2.aux'.

 (section/chapter2.tex
Chapter 2.

Underfull \hbox (badness 10000) in paragraph at lines 20--25

 []


Underfull \hbox (badness 10000) in paragraph at lines 27--32

 []

[13



]
Underfull \hbox (badness 10000) in paragraph at lines 32--36

 []


Underfull \hbox (badness 10000) in paragraph at lines 45--56

 []


Underfull \hbox (badness 10000) in paragraph at lines 45--56

 []

[14]
Underfull \hbox (badness 10000) in paragraph at lines 65--96

 []


Underfull \hbox (badness 10000) in paragraph at lines 65--96

 []


Underfull \hbox (badness 10000) in paragraph at lines 65--96

 []


Underfull \hbox (badness 10000) in paragraph at lines 65--96

 []

[15] [16]
Overfull \hbox (15.6549pt too wide) in paragraph at lines 147--147
 []\OT1/cmtt/m/n/12 TwoLastDigit=abs(npm)%100 # modulus menetukan ambil 2 digit
 terakhir[] 
 []

[17]
Overfull \hbox (3.3049pt too wide) in paragraph at lines 186--186
 []\OT1/cmtt/m/n/12 print("Hallo, "+str(npm)[4]+str(npm)[5]+str(npm)[6]+" Apa k
abar?")[] 
 []


Overfull \hbox (21.82991pt too wide) in paragraph at lines 186--186
 []\OT1/cmtt/m/n/12 for i in range(int(str(npm)[4])+int(str(npm)[5])+int(str(np
m)[6])-1):[] 
 []


Overfull \hbox (58.87993pt too wide) in paragraph at lines 186--186
 []         \OT1/cmtt/m/n/12 print("Hallo, "+str(npm)[4]+str(npm)[5]+str(npm)[6
]+" Apa kabar?")[] 
 []

[18] [19] [20] [21] [22] [23] [24] [25] [26]
Overfull \hbox (71.22993pt too wide) in paragraph at lines 504--504
 []        \OT1/cmtt/m/n/12 print("errror, karena hanya bisa menggabungkan stri
ng dengan string")[] 
 []

) [27]
No file main.bbl.
("D:\Kuliah\Pemograman 2\Aditya_Rahman(1184021)\build\main.aux"
("D:\Kuliah\Pemograman 2\Aditya_Rahman(1184021)\build\section/dedication.aux")
("D:\Kuliah\Pemograman 2\Aditya_Rahman(1184021)\build\section/acknowlegements.a
ux") ("D:\Kuliah\Pemograman 2\Aditya_Rahman(1184021)\build\section/abstract.aux
") ("D:\Kuliah\Pemograman 2\Aditya_Rahman(1184021)\build\section/chapter1.aux")
("D:\Kuliah\Pemograman 2\Aditya_Rahman(1184021)\build\section/chapter2.aux")) )
 
Here is how much of TeX's memory you used:
 3348 strings out of 493323
 51080 string characters out of 3129580
 293766 words of memory out of 3000000
 6784 multiletter control sequences out of 15000+200000
 10925 words of font info for 41 fonts, out of 3000000 for 9000
 1141 hyphenation exceptions out of 8191
 39i,7n,47p,403b,333s stack positions out of 5000i,500n,10000p,200000b,50000s
<C:/Users/lenovo/AppData/Local/Programs/MiKTeX 2.9/fonts/type1/public/amsfonts/
cm/cmbx12.pfb><C:/Users/lenovo/AppData/Local/Programs/MiKTeX 2.9/fonts/type1/pu
blic/amsfonts/cm/cmr12.pfb><C:/Users/lenovo/AppData/Local/Programs/MiKTeX 2.9/f
onts/type1/public/amsfonts/cm/cmr17.pfb><C:/Users/lenovo/AppData/Local/Programs
/MiKTeX 2.9/fonts/type1/public/amsfonts/cm/cmti12.pfb><C:/Users/lenovo/AppData/
Local/Programs/MiKTeX 2.9/fonts/type1/public/amsfonts/cm/cmtt12.pfb>
Output written on "D:\Kuliah\Pemograman 2\Aditya_Rahman(1184021)\build\main.pdf
" (32 pages, 2827083 bytes).
PDF statistics:
 180 PDF objects out of 1000 (max. 8388607)
 0 named destinations out of 1000 (max. 500000)
 136 words of extra memory for PDF output out of 10000 (max. 10000000)

